Running: C:\Xilinx\14.7\ISE_DS\ISE\bin\nt\unwrapped\fuse.exe -intstyle ise -incremental -lib unisims_ver -lib unimacro_ver -lib xilinxcorelib_ver -o E:/UNAM_IngComputacion/5to_Semestre/DisenoSistemasDigitales/Laboratorio/DSD_Practica5/Arithmetic/black_isim_beh.exe -prj E:/UNAM_IngComputacion/5to_Semestre/DisenoSistemasDigitales/Laboratorio/DSD_Practica5/Arithmetic/black_beh.prj work.black work.glbl 
ISim P.20131013 (signature 0x8ef4fb42)
Number of CPUs detected in this system: 4
Turning on mult-threading, number of parallel sub-compilation jobs: 8 
Determining compilation order of HDL files
Analyzing Verilog file "E:/UNAM_IngComputacion/5to_Semestre/DisenoSistemasDigitales/Laboratorio/DSD_Practica5/Arithmetic/black.v" into library work
Analyzing Verilog file "C:/Xilinx/14.7/ISE_DS/ISE//verilog/src/glbl.v" into library work
Parsing VHDL file "E:/UNAM_IngComputacion/5to_Semestre/DisenoSistemasDigitales/Laboratorio/DSD_Practica5/Arithmetic/SumadorCompleto.vhd" into library work
Parsing VHDL file "E:/UNAM_IngComputacion/5to_Semestre/DisenoSistemasDigitales/Laboratorio/DSD_Practica5/Arithmetic/FuncionB.vhd" into library work
Parsing VHDL file "E:/UNAM_IngComputacion/5to_Semestre/DisenoSistemasDigitales/Laboratorio/DSD_Practica5/Arithmetic/Deco.vhd" into library work
Parsing VHDL file "E:/UNAM_IngComputacion/5to_Semestre/DisenoSistemasDigitales/Laboratorio/DSD_Practica5/Arithmetic/Arithmetic.vhd" into library work
Parsing VHDL file "E:/UNAM_IngComputacion/5to_Semestre/DisenoSistemasDigitales/Laboratorio/DSD_Practica5/Arithmetic/BlackBox.vhd" into library work
Starting static elaboration
Completed static elaboration
Fuse Memory Usage: 160672 KB
Fuse CPU Usage: 937 ms
Compiling module black
Compiling module glbl
Compiling package standard
Compiling package std_logic_1164
Compiling package std_logic_arith
Compiling package std_logic_unsigned
Compiling architecture comportamiento of entity FuncionB [funcionb_default]
Compiling architecture behavioral of entity SumadorCompleto [sumadorcompleto_default]
Compiling architecture behavioral of entity Arithmetic [arithmetic_default]
Compiling architecture behavioral of entity Deco [deco_default]
Compiling architecture behavioral of entity BlackBox [blackbox_default]
Time Resolution for simulation is 1ps.
Waiting for 1 sub-compilation(s) to finish...
ERROR:Simulator:861 - Failed to link the design
