Simulator report for prac4
Mon Feb 29 10:39:41 2016
Quartus II Version 9.1 Build 350 03/24/2010 Service Pack 2 SJ Web Edition


---------------------
; Table of Contents ;
---------------------
  1. Legal Notice
  2. Simulator Summary
  3. Simulator Settings
  4. Simulation Waveforms
  5. Coverage Summary
  6. Complete 1/0-Value Coverage
  7. Missing 1-Value Coverage
  8. Missing 0-Value Coverage
  9. Simulator INI Usage
 10. Simulator Messages



----------------
; Legal Notice ;
----------------
Copyright (C) 1991-2010 Altera Corporation
Your use of Altera Corporation's design tools, logic functions 
and other software and tools, and its AMPP partner logic 
functions, and any output files from any of the foregoing 
(including device programming or simulation files), and any 
associated documentation or information are expressly subject 
to the terms and conditions of the Altera Program License 
Subscription Agreement, Altera MegaCore Function License 
Agreement, or other applicable license agreement, including, 
without limitation, that your use is for the sole purpose of 
programming logic devices manufactured by Altera and sold by 
Altera or its authorized distributors.  Please refer to the 
applicable agreement for further details.



+--------------------------------------------+
; Simulator Summary                          ;
+-----------------------------+--------------+
; Type                        ; Value        ;
+-----------------------------+--------------+
; Simulation Start Time       ; 0 ps         ;
; Simulation End Time         ; 1.0 us       ;
; Simulation Netlist Size     ; 222 nodes    ;
; Simulation Coverage         ;      80.18 % ;
; Total Number of Transitions ; 14148        ;
; Simulation Breakpoints      ; 0            ;
; Family                      ; Cyclone II   ;
+-----------------------------+--------------+


+------------------------------------------------------------------------------------------------------------------------------+
; Simulator Settings                                                                                                           ;
+--------------------------------------------------------------------------------------------+-----------------+---------------+
; Option                                                                                     ; Setting         ; Default Value ;
+--------------------------------------------------------------------------------------------+-----------------+---------------+
; Simulation mode                                                                            ; Functional      ; Timing        ;
; Start time                                                                                 ; 0 ns            ; 0 ns          ;
; Simulation results format                                                                  ; CVWF            ;               ;
; Vector input source                                                                        ; complemento.vwf ;               ;
; Add pins automatically to simulation output waveforms                                      ; On              ; On            ;
; Check outputs                                                                              ; Off             ; Off           ;
; Report simulation coverage                                                                 ; On              ; On            ;
; Display complete 1/0 value coverage report                                                 ; On              ; On            ;
; Display missing 1-value coverage report                                                    ; On              ; On            ;
; Display missing 0-value coverage report                                                    ; On              ; On            ;
; Detect setup and hold time violations                                                      ; Off             ; Off           ;
; Detect glitches                                                                            ; Off             ; Off           ;
; Disable timing delays in Timing Simulation                                                 ; Off             ; Off           ;
; Generate Signal Activity File                                                              ; Off             ; Off           ;
; Generate VCD File for PowerPlay Power Analyzer                                             ; Off             ; Off           ;
; Group bus channels in simulation results                                                   ; Off             ; Off           ;
; Preserve fewer signal transitions to reduce memory requirements                            ; On              ; On            ;
; Trigger vector comparison with the specified mode                                          ; INPUT_EDGE      ; INPUT_EDGE    ;
; Disable setup and hold time violations detection in input registers of bi-directional pins ; Off             ; Off           ;
; Overwrite Waveform Inputs With Simulation Outputs                                          ; Off             ;               ;
; Perform Glitch Filtering in Timing Simulation                                              ; Auto            ; Auto          ;
+--------------------------------------------------------------------------------------------+-----------------+---------------+


+----------------------+
; Simulation Waveforms ;
+----------------------+
Waveform report data cannot be output to ASCII.
Please use Quartus II to view the waveform report data.


+--------------------------------------------------------------------+
; Coverage Summary                                                   ;
+-----------------------------------------------------+--------------+
; Type                                                ; Value        ;
+-----------------------------------------------------+--------------+
; Total coverage as a percentage                      ;      80.18 % ;
; Total nodes checked                                 ; 222          ;
; Total output ports checked                          ; 222          ;
; Total output ports with complete 1/0-value coverage ; 178          ;
; Total output ports with no 1/0-value coverage       ; 44           ;
; Total output ports with no 1-value coverage         ; 44           ;
; Total output ports with no 0-value coverage         ; 44           ;
+-----------------------------------------------------+--------------+


The following table displays output ports that toggle between 1 and 0 during simulation.
+--------------------------------------------------------------------------------------------------------------------------------------------+
; Complete 1/0-Value Coverage                                                                                                                ;
+------------------------------------------------------------+------------------------------------------------------------+------------------+
; Node Name                                                  ; Output Port Name                                           ; Output Port Type ;
+------------------------------------------------------------+------------------------------------------------------------+------------------+
; |cop2|E[0]                                                 ; |cop2|E[0]                                                 ; out              ;
; |cop2|E[1]                                                 ; |cop2|E[1]                                                 ; out              ;
; |cop2|E[2]                                                 ; |cop2|E[2]                                                 ; out              ;
; |cop2|E[3]                                                 ; |cop2|E[3]                                                 ; out              ;
; |cop2|S[0]                                                 ; |cop2|S[0]                                                 ; pin_out          ;
; |cop2|S[1]                                                 ; |cop2|S[1]                                                 ; pin_out          ;
; |cop2|S[2]                                                 ; |cop2|S[2]                                                 ; pin_out          ;
; |cop2|S[3]                                                 ; |cop2|S[3]                                                 ; pin_out          ;
; |cop2|lpm_mux:Mux2|mux_umc:auto_generated|_~0              ; |cop2|lpm_mux:Mux2|mux_umc:auto_generated|_~0              ; out0             ;
; |cop2|lpm_mux:Mux2|mux_umc:auto_generated|_~1              ; |cop2|lpm_mux:Mux2|mux_umc:auto_generated|_~1              ; out0             ;
; |cop2|lpm_mux:Mux2|mux_umc:auto_generated|_~3              ; |cop2|lpm_mux:Mux2|mux_umc:auto_generated|_~3              ; out0             ;
; |cop2|lpm_mux:Mux2|mux_umc:auto_generated|_~6              ; |cop2|lpm_mux:Mux2|mux_umc:auto_generated|_~6              ; out0             ;
; |cop2|lpm_mux:Mux2|mux_umc:auto_generated|_~7              ; |cop2|lpm_mux:Mux2|mux_umc:auto_generated|_~7              ; out0             ;
; |cop2|lpm_mux:Mux2|mux_umc:auto_generated|_~8              ; |cop2|lpm_mux:Mux2|mux_umc:auto_generated|_~8              ; out0             ;
; |cop2|lpm_mux:Mux2|mux_umc:auto_generated|result_node[0]~0 ; |cop2|lpm_mux:Mux2|mux_umc:auto_generated|result_node[0]~0 ; out0             ;
; |cop2|lpm_mux:Mux2|mux_umc:auto_generated|_~9              ; |cop2|lpm_mux:Mux2|mux_umc:auto_generated|_~9              ; out0             ;
; |cop2|lpm_mux:Mux2|mux_umc:auto_generated|_~11             ; |cop2|lpm_mux:Mux2|mux_umc:auto_generated|_~11             ; out0             ;
; |cop2|lpm_mux:Mux2|mux_umc:auto_generated|_~14             ; |cop2|lpm_mux:Mux2|mux_umc:auto_generated|_~14             ; out0             ;
; |cop2|lpm_mux:Mux2|mux_umc:auto_generated|_~15             ; |cop2|lpm_mux:Mux2|mux_umc:auto_generated|_~15             ; out0             ;
; |cop2|lpm_mux:Mux2|mux_umc:auto_generated|_~16             ; |cop2|lpm_mux:Mux2|mux_umc:auto_generated|_~16             ; out0             ;
; |cop2|lpm_mux:Mux2|mux_umc:auto_generated|_~17             ; |cop2|lpm_mux:Mux2|mux_umc:auto_generated|_~17             ; out0             ;
; |cop2|lpm_mux:Mux2|mux_umc:auto_generated|result_node[0]~1 ; |cop2|lpm_mux:Mux2|mux_umc:auto_generated|result_node[0]~1 ; out0             ;
; |cop2|lpm_mux:Mux2|mux_umc:auto_generated|result_node[0]   ; |cop2|lpm_mux:Mux2|mux_umc:auto_generated|result_node[0]   ; out0             ;
; |cop2|lpm_mux:Mux1|mux_3nc:auto_generated|_~1              ; |cop2|lpm_mux:Mux1|mux_3nc:auto_generated|_~1              ; out0             ;
; |cop2|lpm_mux:Mux1|mux_3nc:auto_generated|_~2              ; |cop2|lpm_mux:Mux1|mux_3nc:auto_generated|_~2              ; out0             ;
; |cop2|lpm_mux:Mux1|mux_3nc:auto_generated|_~3              ; |cop2|lpm_mux:Mux1|mux_3nc:auto_generated|_~3              ; out0             ;
; |cop2|lpm_mux:Mux1|mux_3nc:auto_generated|_~4              ; |cop2|lpm_mux:Mux1|mux_3nc:auto_generated|_~4              ; out0             ;
; |cop2|lpm_mux:Mux1|mux_3nc:auto_generated|_~5              ; |cop2|lpm_mux:Mux1|mux_3nc:auto_generated|_~5              ; out0             ;
; |cop2|lpm_mux:Mux1|mux_3nc:auto_generated|_~6              ; |cop2|lpm_mux:Mux1|mux_3nc:auto_generated|_~6              ; out0             ;
; |cop2|lpm_mux:Mux1|mux_3nc:auto_generated|_~7              ; |cop2|lpm_mux:Mux1|mux_3nc:auto_generated|_~7              ; out0             ;
; |cop2|lpm_mux:Mux1|mux_3nc:auto_generated|_~8              ; |cop2|lpm_mux:Mux1|mux_3nc:auto_generated|_~8              ; out0             ;
; |cop2|lpm_mux:Mux1|mux_3nc:auto_generated|_~10             ; |cop2|lpm_mux:Mux1|mux_3nc:auto_generated|_~10             ; out0             ;
; |cop2|lpm_mux:Mux1|mux_3nc:auto_generated|_~11             ; |cop2|lpm_mux:Mux1|mux_3nc:auto_generated|_~11             ; out0             ;
; |cop2|lpm_mux:Mux1|mux_3nc:auto_generated|_~12             ; |cop2|lpm_mux:Mux1|mux_3nc:auto_generated|_~12             ; out0             ;
; |cop2|lpm_mux:Mux1|mux_3nc:auto_generated|_~13             ; |cop2|lpm_mux:Mux1|mux_3nc:auto_generated|_~13             ; out0             ;
; |cop2|lpm_mux:Mux1|mux_3nc:auto_generated|_~14             ; |cop2|lpm_mux:Mux1|mux_3nc:auto_generated|_~14             ; out0             ;
; |cop2|lpm_mux:Mux1|mux_3nc:auto_generated|_~15             ; |cop2|lpm_mux:Mux1|mux_3nc:auto_generated|_~15             ; out0             ;
; |cop2|lpm_mux:Mux1|mux_3nc:auto_generated|_~16             ; |cop2|lpm_mux:Mux1|mux_3nc:auto_generated|_~16             ; out0             ;
; |cop2|lpm_mux:Mux1|mux_3nc:auto_generated|_~17             ; |cop2|lpm_mux:Mux1|mux_3nc:auto_generated|_~17             ; out0             ;
; |cop2|lpm_mux:Mux1|mux_3nc:auto_generated|_~18             ; |cop2|lpm_mux:Mux1|mux_3nc:auto_generated|_~18             ; out0             ;
; |cop2|lpm_mux:Mux1|mux_3nc:auto_generated|_~19             ; |cop2|lpm_mux:Mux1|mux_3nc:auto_generated|_~19             ; out0             ;
; |cop2|lpm_mux:Mux1|mux_3nc:auto_generated|_~20             ; |cop2|lpm_mux:Mux1|mux_3nc:auto_generated|_~20             ; out0             ;
; |cop2|lpm_mux:Mux1|mux_3nc:auto_generated|result_node[0]~0 ; |cop2|lpm_mux:Mux1|mux_3nc:auto_generated|result_node[0]~0 ; out0             ;
; |cop2|lpm_mux:Mux1|mux_3nc:auto_generated|_~21             ; |cop2|lpm_mux:Mux1|mux_3nc:auto_generated|_~21             ; out0             ;
; |cop2|lpm_mux:Mux1|mux_3nc:auto_generated|_~22             ; |cop2|lpm_mux:Mux1|mux_3nc:auto_generated|_~22             ; out0             ;
; |cop2|lpm_mux:Mux1|mux_3nc:auto_generated|_~23             ; |cop2|lpm_mux:Mux1|mux_3nc:auto_generated|_~23             ; out0             ;
; |cop2|lpm_mux:Mux1|mux_3nc:auto_generated|_~25             ; |cop2|lpm_mux:Mux1|mux_3nc:auto_generated|_~25             ; out0             ;
; |cop2|lpm_mux:Mux1|mux_3nc:auto_generated|_~28             ; |cop2|lpm_mux:Mux1|mux_3nc:auto_generated|_~28             ; out0             ;
; |cop2|lpm_mux:Mux1|mux_3nc:auto_generated|_~29             ; |cop2|lpm_mux:Mux1|mux_3nc:auto_generated|_~29             ; out0             ;
; |cop2|lpm_mux:Mux1|mux_3nc:auto_generated|_~30             ; |cop2|lpm_mux:Mux1|mux_3nc:auto_generated|_~30             ; out0             ;
; |cop2|lpm_mux:Mux1|mux_3nc:auto_generated|_~31             ; |cop2|lpm_mux:Mux1|mux_3nc:auto_generated|_~31             ; out0             ;
; |cop2|lpm_mux:Mux1|mux_3nc:auto_generated|_~32             ; |cop2|lpm_mux:Mux1|mux_3nc:auto_generated|_~32             ; out0             ;
; |cop2|lpm_mux:Mux1|mux_3nc:auto_generated|_~34             ; |cop2|lpm_mux:Mux1|mux_3nc:auto_generated|_~34             ; out0             ;
; |cop2|lpm_mux:Mux1|mux_3nc:auto_generated|_~37             ; |cop2|lpm_mux:Mux1|mux_3nc:auto_generated|_~37             ; out0             ;
; |cop2|lpm_mux:Mux1|mux_3nc:auto_generated|_~38             ; |cop2|lpm_mux:Mux1|mux_3nc:auto_generated|_~38             ; out0             ;
; |cop2|lpm_mux:Mux1|mux_3nc:auto_generated|_~39             ; |cop2|lpm_mux:Mux1|mux_3nc:auto_generated|_~39             ; out0             ;
; |cop2|lpm_mux:Mux1|mux_3nc:auto_generated|_~41             ; |cop2|lpm_mux:Mux1|mux_3nc:auto_generated|_~41             ; out0             ;
; |cop2|lpm_mux:Mux1|mux_3nc:auto_generated|_~42             ; |cop2|lpm_mux:Mux1|mux_3nc:auto_generated|_~42             ; out0             ;
; |cop2|lpm_mux:Mux1|mux_3nc:auto_generated|result_node[0]~1 ; |cop2|lpm_mux:Mux1|mux_3nc:auto_generated|result_node[0]~1 ; out0             ;
; |cop2|lpm_mux:Mux1|mux_3nc:auto_generated|result_node[0]   ; |cop2|lpm_mux:Mux1|mux_3nc:auto_generated|result_node[0]   ; out0             ;
; |cop2|lpm_mux:Mux0|mux_joc:auto_generated|_~0              ; |cop2|lpm_mux:Mux0|mux_joc:auto_generated|_~0              ; out0             ;
; |cop2|lpm_mux:Mux0|mux_joc:auto_generated|_~1              ; |cop2|lpm_mux:Mux0|mux_joc:auto_generated|_~1              ; out0             ;
; |cop2|lpm_mux:Mux0|mux_joc:auto_generated|_~2              ; |cop2|lpm_mux:Mux0|mux_joc:auto_generated|_~2              ; out0             ;
; |cop2|lpm_mux:Mux0|mux_joc:auto_generated|_~3              ; |cop2|lpm_mux:Mux0|mux_joc:auto_generated|_~3              ; out0             ;
; |cop2|lpm_mux:Mux0|mux_joc:auto_generated|_~4              ; |cop2|lpm_mux:Mux0|mux_joc:auto_generated|_~4              ; out0             ;
; |cop2|lpm_mux:Mux0|mux_joc:auto_generated|_~6              ; |cop2|lpm_mux:Mux0|mux_joc:auto_generated|_~6              ; out0             ;
; |cop2|lpm_mux:Mux0|mux_joc:auto_generated|_~7              ; |cop2|lpm_mux:Mux0|mux_joc:auto_generated|_~7              ; out0             ;
; |cop2|lpm_mux:Mux0|mux_joc:auto_generated|_~8              ; |cop2|lpm_mux:Mux0|mux_joc:auto_generated|_~8              ; out0             ;
; |cop2|lpm_mux:Mux0|mux_joc:auto_generated|_~9              ; |cop2|lpm_mux:Mux0|mux_joc:auto_generated|_~9              ; out0             ;
; |cop2|lpm_mux:Mux0|mux_joc:auto_generated|_~10             ; |cop2|lpm_mux:Mux0|mux_joc:auto_generated|_~10             ; out0             ;
; |cop2|lpm_mux:Mux0|mux_joc:auto_generated|_~11             ; |cop2|lpm_mux:Mux0|mux_joc:auto_generated|_~11             ; out0             ;
; |cop2|lpm_mux:Mux0|mux_joc:auto_generated|_~12             ; |cop2|lpm_mux:Mux0|mux_joc:auto_generated|_~12             ; out0             ;
; |cop2|lpm_mux:Mux0|mux_joc:auto_generated|_~13             ; |cop2|lpm_mux:Mux0|mux_joc:auto_generated|_~13             ; out0             ;
; |cop2|lpm_mux:Mux0|mux_joc:auto_generated|_~15             ; |cop2|lpm_mux:Mux0|mux_joc:auto_generated|_~15             ; out0             ;
; |cop2|lpm_mux:Mux0|mux_joc:auto_generated|_~16             ; |cop2|lpm_mux:Mux0|mux_joc:auto_generated|_~16             ; out0             ;
; |cop2|lpm_mux:Mux0|mux_joc:auto_generated|_~17             ; |cop2|lpm_mux:Mux0|mux_joc:auto_generated|_~17             ; out0             ;
; |cop2|lpm_mux:Mux0|mux_joc:auto_generated|_~19             ; |cop2|lpm_mux:Mux0|mux_joc:auto_generated|_~19             ; out0             ;
; |cop2|lpm_mux:Mux0|mux_joc:auto_generated|_~20             ; |cop2|lpm_mux:Mux0|mux_joc:auto_generated|_~20             ; out0             ;
; |cop2|lpm_mux:Mux0|mux_joc:auto_generated|_~21             ; |cop2|lpm_mux:Mux0|mux_joc:auto_generated|_~21             ; out0             ;
; |cop2|lpm_mux:Mux0|mux_joc:auto_generated|_~22             ; |cop2|lpm_mux:Mux0|mux_joc:auto_generated|_~22             ; out0             ;
; |cop2|lpm_mux:Mux0|mux_joc:auto_generated|_~23             ; |cop2|lpm_mux:Mux0|mux_joc:auto_generated|_~23             ; out0             ;
; |cop2|lpm_mux:Mux0|mux_joc:auto_generated|_~25             ; |cop2|lpm_mux:Mux0|mux_joc:auto_generated|_~25             ; out0             ;
; |cop2|lpm_mux:Mux0|mux_joc:auto_generated|_~28             ; |cop2|lpm_mux:Mux0|mux_joc:auto_generated|_~28             ; out0             ;
; |cop2|lpm_mux:Mux0|mux_joc:auto_generated|_~29             ; |cop2|lpm_mux:Mux0|mux_joc:auto_generated|_~29             ; out0             ;
; |cop2|lpm_mux:Mux0|mux_joc:auto_generated|_~30             ; |cop2|lpm_mux:Mux0|mux_joc:auto_generated|_~30             ; out0             ;
; |cop2|lpm_mux:Mux0|mux_joc:auto_generated|_~31             ; |cop2|lpm_mux:Mux0|mux_joc:auto_generated|_~31             ; out0             ;
; |cop2|lpm_mux:Mux0|mux_joc:auto_generated|_~32             ; |cop2|lpm_mux:Mux0|mux_joc:auto_generated|_~32             ; out0             ;
; |cop2|lpm_mux:Mux0|mux_joc:auto_generated|_~34             ; |cop2|lpm_mux:Mux0|mux_joc:auto_generated|_~34             ; out0             ;
; |cop2|lpm_mux:Mux0|mux_joc:auto_generated|_~37             ; |cop2|lpm_mux:Mux0|mux_joc:auto_generated|_~37             ; out0             ;
; |cop2|lpm_mux:Mux0|mux_joc:auto_generated|_~38             ; |cop2|lpm_mux:Mux0|mux_joc:auto_generated|_~38             ; out0             ;
; |cop2|lpm_mux:Mux0|mux_joc:auto_generated|_~39             ; |cop2|lpm_mux:Mux0|mux_joc:auto_generated|_~39             ; out0             ;
; |cop2|lpm_mux:Mux0|mux_joc:auto_generated|_~41             ; |cop2|lpm_mux:Mux0|mux_joc:auto_generated|_~41             ; out0             ;
; |cop2|lpm_mux:Mux0|mux_joc:auto_generated|_~42             ; |cop2|lpm_mux:Mux0|mux_joc:auto_generated|_~42             ; out0             ;
; |cop2|lpm_mux:Mux0|mux_joc:auto_generated|_~43             ; |cop2|lpm_mux:Mux0|mux_joc:auto_generated|_~43             ; out0             ;
; |cop2|lpm_mux:Mux0|mux_joc:auto_generated|_~44             ; |cop2|lpm_mux:Mux0|mux_joc:auto_generated|_~44             ; out0             ;
; |cop2|lpm_mux:Mux0|mux_joc:auto_generated|_~45             ; |cop2|lpm_mux:Mux0|mux_joc:auto_generated|_~45             ; out0             ;
; |cop2|lpm_mux:Mux0|mux_joc:auto_generated|_~46             ; |cop2|lpm_mux:Mux0|mux_joc:auto_generated|_~46             ; out0             ;
; |cop2|lpm_mux:Mux0|mux_joc:auto_generated|_~48             ; |cop2|lpm_mux:Mux0|mux_joc:auto_generated|_~48             ; out0             ;
; |cop2|lpm_mux:Mux0|mux_joc:auto_generated|_~49             ; |cop2|lpm_mux:Mux0|mux_joc:auto_generated|_~49             ; out0             ;
; |cop2|lpm_mux:Mux0|mux_joc:auto_generated|_~50             ; |cop2|lpm_mux:Mux0|mux_joc:auto_generated|_~50             ; out0             ;
; |cop2|lpm_mux:Mux0|mux_joc:auto_generated|_~51             ; |cop2|lpm_mux:Mux0|mux_joc:auto_generated|_~51             ; out0             ;
; |cop2|lpm_mux:Mux0|mux_joc:auto_generated|_~52             ; |cop2|lpm_mux:Mux0|mux_joc:auto_generated|_~52             ; out0             ;
; |cop2|lpm_mux:Mux0|mux_joc:auto_generated|_~53             ; |cop2|lpm_mux:Mux0|mux_joc:auto_generated|_~53             ; out0             ;
; |cop2|lpm_mux:Mux0|mux_joc:auto_generated|_~54             ; |cop2|lpm_mux:Mux0|mux_joc:auto_generated|_~54             ; out0             ;
; |cop2|lpm_mux:Mux0|mux_joc:auto_generated|_~55             ; |cop2|lpm_mux:Mux0|mux_joc:auto_generated|_~55             ; out0             ;
; |cop2|lpm_mux:Mux0|mux_joc:auto_generated|_~57             ; |cop2|lpm_mux:Mux0|mux_joc:auto_generated|_~57             ; out0             ;
; |cop2|lpm_mux:Mux0|mux_joc:auto_generated|_~58             ; |cop2|lpm_mux:Mux0|mux_joc:auto_generated|_~58             ; out0             ;
; |cop2|lpm_mux:Mux0|mux_joc:auto_generated|_~59             ; |cop2|lpm_mux:Mux0|mux_joc:auto_generated|_~59             ; out0             ;
; |cop2|lpm_mux:Mux0|mux_joc:auto_generated|_~60             ; |cop2|lpm_mux:Mux0|mux_joc:auto_generated|_~60             ; out0             ;
; |cop2|lpm_mux:Mux0|mux_joc:auto_generated|_~61             ; |cop2|lpm_mux:Mux0|mux_joc:auto_generated|_~61             ; out0             ;
; |cop2|lpm_mux:Mux0|mux_joc:auto_generated|_~62             ; |cop2|lpm_mux:Mux0|mux_joc:auto_generated|_~62             ; out0             ;
; |cop2|lpm_mux:Mux0|mux_joc:auto_generated|_~63             ; |cop2|lpm_mux:Mux0|mux_joc:auto_generated|_~63             ; out0             ;
; |cop2|lpm_mux:Mux0|mux_joc:auto_generated|_~64             ; |cop2|lpm_mux:Mux0|mux_joc:auto_generated|_~64             ; out0             ;
; |cop2|lpm_mux:Mux0|mux_joc:auto_generated|_~65             ; |cop2|lpm_mux:Mux0|mux_joc:auto_generated|_~65             ; out0             ;
; |cop2|lpm_mux:Mux0|mux_joc:auto_generated|_~66             ; |cop2|lpm_mux:Mux0|mux_joc:auto_generated|_~66             ; out0             ;
; |cop2|lpm_mux:Mux0|mux_joc:auto_generated|_~67             ; |cop2|lpm_mux:Mux0|mux_joc:auto_generated|_~67             ; out0             ;
; |cop2|lpm_mux:Mux0|mux_joc:auto_generated|_~68             ; |cop2|lpm_mux:Mux0|mux_joc:auto_generated|_~68             ; out0             ;
; |cop2|lpm_mux:Mux0|mux_joc:auto_generated|_~69             ; |cop2|lpm_mux:Mux0|mux_joc:auto_generated|_~69             ; out0             ;
; |cop2|lpm_mux:Mux0|mux_joc:auto_generated|_~70             ; |cop2|lpm_mux:Mux0|mux_joc:auto_generated|_~70             ; out0             ;
; |cop2|lpm_mux:Mux0|mux_joc:auto_generated|_~71             ; |cop2|lpm_mux:Mux0|mux_joc:auto_generated|_~71             ; out0             ;
; |cop2|lpm_mux:Mux0|mux_joc:auto_generated|result_node[0]~0 ; |cop2|lpm_mux:Mux0|mux_joc:auto_generated|result_node[0]~0 ; out0             ;
; |cop2|lpm_mux:Mux0|mux_joc:auto_generated|_~72             ; |cop2|lpm_mux:Mux0|mux_joc:auto_generated|_~72             ; out0             ;
; |cop2|lpm_mux:Mux0|mux_joc:auto_generated|_~73             ; |cop2|lpm_mux:Mux0|mux_joc:auto_generated|_~73             ; out0             ;
; |cop2|lpm_mux:Mux0|mux_joc:auto_generated|_~75             ; |cop2|lpm_mux:Mux0|mux_joc:auto_generated|_~75             ; out0             ;
; |cop2|lpm_mux:Mux0|mux_joc:auto_generated|_~78             ; |cop2|lpm_mux:Mux0|mux_joc:auto_generated|_~78             ; out0             ;
; |cop2|lpm_mux:Mux0|mux_joc:auto_generated|_~79             ; |cop2|lpm_mux:Mux0|mux_joc:auto_generated|_~79             ; out0             ;
; |cop2|lpm_mux:Mux0|mux_joc:auto_generated|_~80             ; |cop2|lpm_mux:Mux0|mux_joc:auto_generated|_~80             ; out0             ;
; |cop2|lpm_mux:Mux0|mux_joc:auto_generated|_~81             ; |cop2|lpm_mux:Mux0|mux_joc:auto_generated|_~81             ; out0             ;
; |cop2|lpm_mux:Mux0|mux_joc:auto_generated|_~82             ; |cop2|lpm_mux:Mux0|mux_joc:auto_generated|_~82             ; out0             ;
; |cop2|lpm_mux:Mux0|mux_joc:auto_generated|_~84             ; |cop2|lpm_mux:Mux0|mux_joc:auto_generated|_~84             ; out0             ;
; |cop2|lpm_mux:Mux0|mux_joc:auto_generated|_~87             ; |cop2|lpm_mux:Mux0|mux_joc:auto_generated|_~87             ; out0             ;
; |cop2|lpm_mux:Mux0|mux_joc:auto_generated|_~88             ; |cop2|lpm_mux:Mux0|mux_joc:auto_generated|_~88             ; out0             ;
; |cop2|lpm_mux:Mux0|mux_joc:auto_generated|_~89             ; |cop2|lpm_mux:Mux0|mux_joc:auto_generated|_~89             ; out0             ;
; |cop2|lpm_mux:Mux0|mux_joc:auto_generated|_~91             ; |cop2|lpm_mux:Mux0|mux_joc:auto_generated|_~91             ; out0             ;
; |cop2|lpm_mux:Mux0|mux_joc:auto_generated|_~92             ; |cop2|lpm_mux:Mux0|mux_joc:auto_generated|_~92             ; out0             ;
; |cop2|lpm_mux:Mux0|mux_joc:auto_generated|_~93             ; |cop2|lpm_mux:Mux0|mux_joc:auto_generated|_~93             ; out0             ;
; |cop2|lpm_mux:Mux0|mux_joc:auto_generated|_~94             ; |cop2|lpm_mux:Mux0|mux_joc:auto_generated|_~94             ; out0             ;
; |cop2|lpm_mux:Mux0|mux_joc:auto_generated|_~95             ; |cop2|lpm_mux:Mux0|mux_joc:auto_generated|_~95             ; out0             ;
; |cop2|lpm_mux:Mux0|mux_joc:auto_generated|_~96             ; |cop2|lpm_mux:Mux0|mux_joc:auto_generated|_~96             ; out0             ;
; |cop2|lpm_mux:Mux0|mux_joc:auto_generated|_~98             ; |cop2|lpm_mux:Mux0|mux_joc:auto_generated|_~98             ; out0             ;
; |cop2|lpm_mux:Mux0|mux_joc:auto_generated|_~99             ; |cop2|lpm_mux:Mux0|mux_joc:auto_generated|_~99             ; out0             ;
; |cop2|lpm_mux:Mux0|mux_joc:auto_generated|_~100            ; |cop2|lpm_mux:Mux0|mux_joc:auto_generated|_~100            ; out0             ;
; |cop2|lpm_mux:Mux0|mux_joc:auto_generated|_~101            ; |cop2|lpm_mux:Mux0|mux_joc:auto_generated|_~101            ; out0             ;
; |cop2|lpm_mux:Mux0|mux_joc:auto_generated|_~102            ; |cop2|lpm_mux:Mux0|mux_joc:auto_generated|_~102            ; out0             ;
; |cop2|lpm_mux:Mux0|mux_joc:auto_generated|_~103            ; |cop2|lpm_mux:Mux0|mux_joc:auto_generated|_~103            ; out0             ;
; |cop2|lpm_mux:Mux0|mux_joc:auto_generated|_~104            ; |cop2|lpm_mux:Mux0|mux_joc:auto_generated|_~104            ; out0             ;
; |cop2|lpm_mux:Mux0|mux_joc:auto_generated|_~105            ; |cop2|lpm_mux:Mux0|mux_joc:auto_generated|_~105            ; out0             ;
; |cop2|lpm_mux:Mux0|mux_joc:auto_generated|_~107            ; |cop2|lpm_mux:Mux0|mux_joc:auto_generated|_~107            ; out0             ;
; |cop2|lpm_mux:Mux0|mux_joc:auto_generated|_~108            ; |cop2|lpm_mux:Mux0|mux_joc:auto_generated|_~108            ; out0             ;
; |cop2|lpm_mux:Mux0|mux_joc:auto_generated|_~109            ; |cop2|lpm_mux:Mux0|mux_joc:auto_generated|_~109            ; out0             ;
; |cop2|lpm_mux:Mux0|mux_joc:auto_generated|_~110            ; |cop2|lpm_mux:Mux0|mux_joc:auto_generated|_~110            ; out0             ;
; |cop2|lpm_mux:Mux0|mux_joc:auto_generated|_~111            ; |cop2|lpm_mux:Mux0|mux_joc:auto_generated|_~111            ; out0             ;
; |cop2|lpm_mux:Mux0|mux_joc:auto_generated|_~112            ; |cop2|lpm_mux:Mux0|mux_joc:auto_generated|_~112            ; out0             ;
; |cop2|lpm_mux:Mux0|mux_joc:auto_generated|_~113            ; |cop2|lpm_mux:Mux0|mux_joc:auto_generated|_~113            ; out0             ;
; |cop2|lpm_mux:Mux0|mux_joc:auto_generated|_~114            ; |cop2|lpm_mux:Mux0|mux_joc:auto_generated|_~114            ; out0             ;
; |cop2|lpm_mux:Mux0|mux_joc:auto_generated|_~115            ; |cop2|lpm_mux:Mux0|mux_joc:auto_generated|_~115            ; out0             ;
; |cop2|lpm_mux:Mux0|mux_joc:auto_generated|_~116            ; |cop2|lpm_mux:Mux0|mux_joc:auto_generated|_~116            ; out0             ;
; |cop2|lpm_mux:Mux0|mux_joc:auto_generated|_~117            ; |cop2|lpm_mux:Mux0|mux_joc:auto_generated|_~117            ; out0             ;
; |cop2|lpm_mux:Mux0|mux_joc:auto_generated|_~118            ; |cop2|lpm_mux:Mux0|mux_joc:auto_generated|_~118            ; out0             ;
; |cop2|lpm_mux:Mux0|mux_joc:auto_generated|_~119            ; |cop2|lpm_mux:Mux0|mux_joc:auto_generated|_~119            ; out0             ;
; |cop2|lpm_mux:Mux0|mux_joc:auto_generated|_~120            ; |cop2|lpm_mux:Mux0|mux_joc:auto_generated|_~120            ; out0             ;
; |cop2|lpm_mux:Mux0|mux_joc:auto_generated|_~122            ; |cop2|lpm_mux:Mux0|mux_joc:auto_generated|_~122            ; out0             ;
; |cop2|lpm_mux:Mux0|mux_joc:auto_generated|_~124            ; |cop2|lpm_mux:Mux0|mux_joc:auto_generated|_~124            ; out0             ;
; |cop2|lpm_mux:Mux0|mux_joc:auto_generated|_~126            ; |cop2|lpm_mux:Mux0|mux_joc:auto_generated|_~126            ; out0             ;
; |cop2|lpm_mux:Mux0|mux_joc:auto_generated|_~127            ; |cop2|lpm_mux:Mux0|mux_joc:auto_generated|_~127            ; out0             ;
; |cop2|lpm_mux:Mux0|mux_joc:auto_generated|_~128            ; |cop2|lpm_mux:Mux0|mux_joc:auto_generated|_~128            ; out0             ;
; |cop2|lpm_mux:Mux0|mux_joc:auto_generated|_~129            ; |cop2|lpm_mux:Mux0|mux_joc:auto_generated|_~129            ; out0             ;
; |cop2|lpm_mux:Mux0|mux_joc:auto_generated|_~131            ; |cop2|lpm_mux:Mux0|mux_joc:auto_generated|_~131            ; out0             ;
; |cop2|lpm_mux:Mux0|mux_joc:auto_generated|_~133            ; |cop2|lpm_mux:Mux0|mux_joc:auto_generated|_~133            ; out0             ;
; |cop2|lpm_mux:Mux0|mux_joc:auto_generated|_~135            ; |cop2|lpm_mux:Mux0|mux_joc:auto_generated|_~135            ; out0             ;
; |cop2|lpm_mux:Mux0|mux_joc:auto_generated|_~136            ; |cop2|lpm_mux:Mux0|mux_joc:auto_generated|_~136            ; out0             ;
; |cop2|lpm_mux:Mux0|mux_joc:auto_generated|_~137            ; |cop2|lpm_mux:Mux0|mux_joc:auto_generated|_~137            ; out0             ;
; |cop2|lpm_mux:Mux0|mux_joc:auto_generated|_~138            ; |cop2|lpm_mux:Mux0|mux_joc:auto_generated|_~138            ; out0             ;
; |cop2|lpm_mux:Mux0|mux_joc:auto_generated|_~139            ; |cop2|lpm_mux:Mux0|mux_joc:auto_generated|_~139            ; out0             ;
; |cop2|lpm_mux:Mux0|mux_joc:auto_generated|_~142            ; |cop2|lpm_mux:Mux0|mux_joc:auto_generated|_~142            ; out0             ;
; |cop2|lpm_mux:Mux0|mux_joc:auto_generated|_~143            ; |cop2|lpm_mux:Mux0|mux_joc:auto_generated|_~143            ; out0             ;
; |cop2|lpm_mux:Mux0|mux_joc:auto_generated|result_node[0]~1 ; |cop2|lpm_mux:Mux0|mux_joc:auto_generated|result_node[0]~1 ; out0             ;
; |cop2|lpm_mux:Mux0|mux_joc:auto_generated|result_node[0]   ; |cop2|lpm_mux:Mux0|mux_joc:auto_generated|result_node[0]   ; out0             ;
+------------------------------------------------------------+------------------------------------------------------------+------------------+


The following table displays output ports that do not toggle to 1 during simulation.
+----------------------------------------------------------------------------------------------------------------------+
; Missing 1-Value Coverage                                                                                             ;
+-------------------------------------------------+-------------------------------------------------+------------------+
; Node Name                                       ; Output Port Name                                ; Output Port Type ;
+-------------------------------------------------+-------------------------------------------------+------------------+
; |cop2|lpm_mux:Mux2|mux_umc:auto_generated|_~2   ; |cop2|lpm_mux:Mux2|mux_umc:auto_generated|_~2   ; out0             ;
; |cop2|lpm_mux:Mux2|mux_umc:auto_generated|_~4   ; |cop2|lpm_mux:Mux2|mux_umc:auto_generated|_~4   ; out0             ;
; |cop2|lpm_mux:Mux2|mux_umc:auto_generated|_~5   ; |cop2|lpm_mux:Mux2|mux_umc:auto_generated|_~5   ; out0             ;
; |cop2|lpm_mux:Mux2|mux_umc:auto_generated|_~10  ; |cop2|lpm_mux:Mux2|mux_umc:auto_generated|_~10  ; out0             ;
; |cop2|lpm_mux:Mux2|mux_umc:auto_generated|_~12  ; |cop2|lpm_mux:Mux2|mux_umc:auto_generated|_~12  ; out0             ;
; |cop2|lpm_mux:Mux2|mux_umc:auto_generated|_~13  ; |cop2|lpm_mux:Mux2|mux_umc:auto_generated|_~13  ; out0             ;
; |cop2|lpm_mux:Mux1|mux_3nc:auto_generated|_~0   ; |cop2|lpm_mux:Mux1|mux_3nc:auto_generated|_~0   ; out0             ;
; |cop2|lpm_mux:Mux1|mux_3nc:auto_generated|_~9   ; |cop2|lpm_mux:Mux1|mux_3nc:auto_generated|_~9   ; out0             ;
; |cop2|lpm_mux:Mux1|mux_3nc:auto_generated|_~24  ; |cop2|lpm_mux:Mux1|mux_3nc:auto_generated|_~24  ; out0             ;
; |cop2|lpm_mux:Mux1|mux_3nc:auto_generated|_~26  ; |cop2|lpm_mux:Mux1|mux_3nc:auto_generated|_~26  ; out0             ;
; |cop2|lpm_mux:Mux1|mux_3nc:auto_generated|_~27  ; |cop2|lpm_mux:Mux1|mux_3nc:auto_generated|_~27  ; out0             ;
; |cop2|lpm_mux:Mux1|mux_3nc:auto_generated|_~33  ; |cop2|lpm_mux:Mux1|mux_3nc:auto_generated|_~33  ; out0             ;
; |cop2|lpm_mux:Mux1|mux_3nc:auto_generated|_~35  ; |cop2|lpm_mux:Mux1|mux_3nc:auto_generated|_~35  ; out0             ;
; |cop2|lpm_mux:Mux1|mux_3nc:auto_generated|_~36  ; |cop2|lpm_mux:Mux1|mux_3nc:auto_generated|_~36  ; out0             ;
; |cop2|lpm_mux:Mux1|mux_3nc:auto_generated|_~40  ; |cop2|lpm_mux:Mux1|mux_3nc:auto_generated|_~40  ; out0             ;
; |cop2|lpm_mux:Mux0|mux_joc:auto_generated|_~5   ; |cop2|lpm_mux:Mux0|mux_joc:auto_generated|_~5   ; out0             ;
; |cop2|lpm_mux:Mux0|mux_joc:auto_generated|_~14  ; |cop2|lpm_mux:Mux0|mux_joc:auto_generated|_~14  ; out0             ;
; |cop2|lpm_mux:Mux0|mux_joc:auto_generated|_~18  ; |cop2|lpm_mux:Mux0|mux_joc:auto_generated|_~18  ; out0             ;
; |cop2|lpm_mux:Mux0|mux_joc:auto_generated|_~24  ; |cop2|lpm_mux:Mux0|mux_joc:auto_generated|_~24  ; out0             ;
; |cop2|lpm_mux:Mux0|mux_joc:auto_generated|_~26  ; |cop2|lpm_mux:Mux0|mux_joc:auto_generated|_~26  ; out0             ;
; |cop2|lpm_mux:Mux0|mux_joc:auto_generated|_~27  ; |cop2|lpm_mux:Mux0|mux_joc:auto_generated|_~27  ; out0             ;
; |cop2|lpm_mux:Mux0|mux_joc:auto_generated|_~33  ; |cop2|lpm_mux:Mux0|mux_joc:auto_generated|_~33  ; out0             ;
; |cop2|lpm_mux:Mux0|mux_joc:auto_generated|_~35  ; |cop2|lpm_mux:Mux0|mux_joc:auto_generated|_~35  ; out0             ;
; |cop2|lpm_mux:Mux0|mux_joc:auto_generated|_~36  ; |cop2|lpm_mux:Mux0|mux_joc:auto_generated|_~36  ; out0             ;
; |cop2|lpm_mux:Mux0|mux_joc:auto_generated|_~40  ; |cop2|lpm_mux:Mux0|mux_joc:auto_generated|_~40  ; out0             ;
; |cop2|lpm_mux:Mux0|mux_joc:auto_generated|_~47  ; |cop2|lpm_mux:Mux0|mux_joc:auto_generated|_~47  ; out0             ;
; |cop2|lpm_mux:Mux0|mux_joc:auto_generated|_~56  ; |cop2|lpm_mux:Mux0|mux_joc:auto_generated|_~56  ; out0             ;
; |cop2|lpm_mux:Mux0|mux_joc:auto_generated|_~74  ; |cop2|lpm_mux:Mux0|mux_joc:auto_generated|_~74  ; out0             ;
; |cop2|lpm_mux:Mux0|mux_joc:auto_generated|_~76  ; |cop2|lpm_mux:Mux0|mux_joc:auto_generated|_~76  ; out0             ;
; |cop2|lpm_mux:Mux0|mux_joc:auto_generated|_~77  ; |cop2|lpm_mux:Mux0|mux_joc:auto_generated|_~77  ; out0             ;
; |cop2|lpm_mux:Mux0|mux_joc:auto_generated|_~83  ; |cop2|lpm_mux:Mux0|mux_joc:auto_generated|_~83  ; out0             ;
; |cop2|lpm_mux:Mux0|mux_joc:auto_generated|_~85  ; |cop2|lpm_mux:Mux0|mux_joc:auto_generated|_~85  ; out0             ;
; |cop2|lpm_mux:Mux0|mux_joc:auto_generated|_~86  ; |cop2|lpm_mux:Mux0|mux_joc:auto_generated|_~86  ; out0             ;
; |cop2|lpm_mux:Mux0|mux_joc:auto_generated|_~90  ; |cop2|lpm_mux:Mux0|mux_joc:auto_generated|_~90  ; out0             ;
; |cop2|lpm_mux:Mux0|mux_joc:auto_generated|_~97  ; |cop2|lpm_mux:Mux0|mux_joc:auto_generated|_~97  ; out0             ;
; |cop2|lpm_mux:Mux0|mux_joc:auto_generated|_~106 ; |cop2|lpm_mux:Mux0|mux_joc:auto_generated|_~106 ; out0             ;
; |cop2|lpm_mux:Mux0|mux_joc:auto_generated|_~121 ; |cop2|lpm_mux:Mux0|mux_joc:auto_generated|_~121 ; out0             ;
; |cop2|lpm_mux:Mux0|mux_joc:auto_generated|_~123 ; |cop2|lpm_mux:Mux0|mux_joc:auto_generated|_~123 ; out0             ;
; |cop2|lpm_mux:Mux0|mux_joc:auto_generated|_~125 ; |cop2|lpm_mux:Mux0|mux_joc:auto_generated|_~125 ; out0             ;
; |cop2|lpm_mux:Mux0|mux_joc:auto_generated|_~130 ; |cop2|lpm_mux:Mux0|mux_joc:auto_generated|_~130 ; out0             ;
; |cop2|lpm_mux:Mux0|mux_joc:auto_generated|_~132 ; |cop2|lpm_mux:Mux0|mux_joc:auto_generated|_~132 ; out0             ;
; |cop2|lpm_mux:Mux0|mux_joc:auto_generated|_~134 ; |cop2|lpm_mux:Mux0|mux_joc:auto_generated|_~134 ; out0             ;
; |cop2|lpm_mux:Mux0|mux_joc:auto_generated|_~140 ; |cop2|lpm_mux:Mux0|mux_joc:auto_generated|_~140 ; out0             ;
; |cop2|lpm_mux:Mux0|mux_joc:auto_generated|_~141 ; |cop2|lpm_mux:Mux0|mux_joc:auto_generated|_~141 ; out0             ;
+-------------------------------------------------+-------------------------------------------------+------------------+


The following table displays output ports that do not toggle to 0 during simulation.
+----------------------------------------------------------------------------------------------------------------------+
; Missing 0-Value Coverage                                                                                             ;
+-------------------------------------------------+-------------------------------------------------+------------------+
; Node Name                                       ; Output Port Name                                ; Output Port Type ;
+-------------------------------------------------+-------------------------------------------------+------------------+
; |cop2|lpm_mux:Mux2|mux_umc:auto_generated|_~2   ; |cop2|lpm_mux:Mux2|mux_umc:auto_generated|_~2   ; out0             ;
; |cop2|lpm_mux:Mux2|mux_umc:auto_generated|_~4   ; |cop2|lpm_mux:Mux2|mux_umc:auto_generated|_~4   ; out0             ;
; |cop2|lpm_mux:Mux2|mux_umc:auto_generated|_~5   ; |cop2|lpm_mux:Mux2|mux_umc:auto_generated|_~5   ; out0             ;
; |cop2|lpm_mux:Mux2|mux_umc:auto_generated|_~10  ; |cop2|lpm_mux:Mux2|mux_umc:auto_generated|_~10  ; out0             ;
; |cop2|lpm_mux:Mux2|mux_umc:auto_generated|_~12  ; |cop2|lpm_mux:Mux2|mux_umc:auto_generated|_~12  ; out0             ;
; |cop2|lpm_mux:Mux2|mux_umc:auto_generated|_~13  ; |cop2|lpm_mux:Mux2|mux_umc:auto_generated|_~13  ; out0             ;
; |cop2|lpm_mux:Mux1|mux_3nc:auto_generated|_~0   ; |cop2|lpm_mux:Mux1|mux_3nc:auto_generated|_~0   ; out0             ;
; |cop2|lpm_mux:Mux1|mux_3nc:auto_generated|_~9   ; |cop2|lpm_mux:Mux1|mux_3nc:auto_generated|_~9   ; out0             ;
; |cop2|lpm_mux:Mux1|mux_3nc:auto_generated|_~24  ; |cop2|lpm_mux:Mux1|mux_3nc:auto_generated|_~24  ; out0             ;
; |cop2|lpm_mux:Mux1|mux_3nc:auto_generated|_~26  ; |cop2|lpm_mux:Mux1|mux_3nc:auto_generated|_~26  ; out0             ;
; |cop2|lpm_mux:Mux1|mux_3nc:auto_generated|_~27  ; |cop2|lpm_mux:Mux1|mux_3nc:auto_generated|_~27  ; out0             ;
; |cop2|lpm_mux:Mux1|mux_3nc:auto_generated|_~33  ; |cop2|lpm_mux:Mux1|mux_3nc:auto_generated|_~33  ; out0             ;
; |cop2|lpm_mux:Mux1|mux_3nc:auto_generated|_~35  ; |cop2|lpm_mux:Mux1|mux_3nc:auto_generated|_~35  ; out0             ;
; |cop2|lpm_mux:Mux1|mux_3nc:auto_generated|_~36  ; |cop2|lpm_mux:Mux1|mux_3nc:auto_generated|_~36  ; out0             ;
; |cop2|lpm_mux:Mux1|mux_3nc:auto_generated|_~40  ; |cop2|lpm_mux:Mux1|mux_3nc:auto_generated|_~40  ; out0             ;
; |cop2|lpm_mux:Mux0|mux_joc:auto_generated|_~5   ; |cop2|lpm_mux:Mux0|mux_joc:auto_generated|_~5   ; out0             ;
; |cop2|lpm_mux:Mux0|mux_joc:auto_generated|_~14  ; |cop2|lpm_mux:Mux0|mux_joc:auto_generated|_~14  ; out0             ;
; |cop2|lpm_mux:Mux0|mux_joc:auto_generated|_~18  ; |cop2|lpm_mux:Mux0|mux_joc:auto_generated|_~18  ; out0             ;
; |cop2|lpm_mux:Mux0|mux_joc:auto_generated|_~24  ; |cop2|lpm_mux:Mux0|mux_joc:auto_generated|_~24  ; out0             ;
; |cop2|lpm_mux:Mux0|mux_joc:auto_generated|_~26  ; |cop2|lpm_mux:Mux0|mux_joc:auto_generated|_~26  ; out0             ;
; |cop2|lpm_mux:Mux0|mux_joc:auto_generated|_~27  ; |cop2|lpm_mux:Mux0|mux_joc:auto_generated|_~27  ; out0             ;
; |cop2|lpm_mux:Mux0|mux_joc:auto_generated|_~33  ; |cop2|lpm_mux:Mux0|mux_joc:auto_generated|_~33  ; out0             ;
; |cop2|lpm_mux:Mux0|mux_joc:auto_generated|_~35  ; |cop2|lpm_mux:Mux0|mux_joc:auto_generated|_~35  ; out0             ;
; |cop2|lpm_mux:Mux0|mux_joc:auto_generated|_~36  ; |cop2|lpm_mux:Mux0|mux_joc:auto_generated|_~36  ; out0             ;
; |cop2|lpm_mux:Mux0|mux_joc:auto_generated|_~40  ; |cop2|lpm_mux:Mux0|mux_joc:auto_generated|_~40  ; out0             ;
; |cop2|lpm_mux:Mux0|mux_joc:auto_generated|_~47  ; |cop2|lpm_mux:Mux0|mux_joc:auto_generated|_~47  ; out0             ;
; |cop2|lpm_mux:Mux0|mux_joc:auto_generated|_~56  ; |cop2|lpm_mux:Mux0|mux_joc:auto_generated|_~56  ; out0             ;
; |cop2|lpm_mux:Mux0|mux_joc:auto_generated|_~74  ; |cop2|lpm_mux:Mux0|mux_joc:auto_generated|_~74  ; out0             ;
; |cop2|lpm_mux:Mux0|mux_joc:auto_generated|_~76  ; |cop2|lpm_mux:Mux0|mux_joc:auto_generated|_~76  ; out0             ;
; |cop2|lpm_mux:Mux0|mux_joc:auto_generated|_~77  ; |cop2|lpm_mux:Mux0|mux_joc:auto_generated|_~77  ; out0             ;
; |cop2|lpm_mux:Mux0|mux_joc:auto_generated|_~83  ; |cop2|lpm_mux:Mux0|mux_joc:auto_generated|_~83  ; out0             ;
; |cop2|lpm_mux:Mux0|mux_joc:auto_generated|_~85  ; |cop2|lpm_mux:Mux0|mux_joc:auto_generated|_~85  ; out0             ;
; |cop2|lpm_mux:Mux0|mux_joc:auto_generated|_~86  ; |cop2|lpm_mux:Mux0|mux_joc:auto_generated|_~86  ; out0             ;
; |cop2|lpm_mux:Mux0|mux_joc:auto_generated|_~90  ; |cop2|lpm_mux:Mux0|mux_joc:auto_generated|_~90  ; out0             ;
; |cop2|lpm_mux:Mux0|mux_joc:auto_generated|_~97  ; |cop2|lpm_mux:Mux0|mux_joc:auto_generated|_~97  ; out0             ;
; |cop2|lpm_mux:Mux0|mux_joc:auto_generated|_~106 ; |cop2|lpm_mux:Mux0|mux_joc:auto_generated|_~106 ; out0             ;
; |cop2|lpm_mux:Mux0|mux_joc:auto_generated|_~121 ; |cop2|lpm_mux:Mux0|mux_joc:auto_generated|_~121 ; out0             ;
; |cop2|lpm_mux:Mux0|mux_joc:auto_generated|_~123 ; |cop2|lpm_mux:Mux0|mux_joc:auto_generated|_~123 ; out0             ;
; |cop2|lpm_mux:Mux0|mux_joc:auto_generated|_~125 ; |cop2|lpm_mux:Mux0|mux_joc:auto_generated|_~125 ; out0             ;
; |cop2|lpm_mux:Mux0|mux_joc:auto_generated|_~130 ; |cop2|lpm_mux:Mux0|mux_joc:auto_generated|_~130 ; out0             ;
; |cop2|lpm_mux:Mux0|mux_joc:auto_generated|_~132 ; |cop2|lpm_mux:Mux0|mux_joc:auto_generated|_~132 ; out0             ;
; |cop2|lpm_mux:Mux0|mux_joc:auto_generated|_~134 ; |cop2|lpm_mux:Mux0|mux_joc:auto_generated|_~134 ; out0             ;
; |cop2|lpm_mux:Mux0|mux_joc:auto_generated|_~140 ; |cop2|lpm_mux:Mux0|mux_joc:auto_generated|_~140 ; out0             ;
; |cop2|lpm_mux:Mux0|mux_joc:auto_generated|_~141 ; |cop2|lpm_mux:Mux0|mux_joc:auto_generated|_~141 ; out0             ;
+-------------------------------------------------+-------------------------------------------------+------------------+


+---------------------+
; Simulator INI Usage ;
+--------+------------+
; Option ; Usage      ;
+--------+------------+


+--------------------+
; Simulator Messages ;
+--------------------+
Info: *******************************************************************
Info: Running Quartus II Simulator
    Info: Version 9.1 Build 350 03/24/2010 Service Pack 2 SJ Web Edition
    Info: Processing started: Mon Feb 29 10:39:39 2016
Info: Command: quartus_sim --read_settings_files=on --write_settings_files=off prac4 -c prac4
Info: Using vector source file "F:/prac4/complemento.vwf"
Info: Option to preserve fewer signal transitions to reduce memory requirements is enabled
    Info: Simulation has been partitioned into sub-simulations according to the maximum transition count determined by the engine. Transitions from memory will be flushed out to disk at the end of each sub-simulation to reduce memory requirements.
Info: Simulation partitioned into 1 sub-simulations
Info: Simulation coverage is      80.18 %
Info: Number of transitions in simulation is 14148
Info: Quartus II Simulator was successful. 0 errors, 0 warnings
    Info: Peak virtual memory: 147 megabytes
    Info: Processing ended: Mon Feb 29 10:39:41 2016
    Info: Elapsed time: 00:00:02
    Info: Total CPU time (on all processors): 00:00:00


