Classic Timing Analyzer report for Sistemas
Sun Mar 06 18:47:50 2016
Quartus II Version 9.1 Build 350 03/24/2010 Service Pack 2 SJ Web Edition


---------------------
; Table of Contents ;
---------------------
  1. Legal Notice
  2. Timing Analyzer Summary
  3. Timing Analyzer Settings
  4. Parallel Compilation
  5. tpd
  6. Timing Analyzer Messages



----------------
; Legal Notice ;
----------------
Copyright (C) 1991-2010 Altera Corporation
Your use of Altera Corporation's design tools, logic functions 
and other software and tools, and its AMPP partner logic 
functions, and any output files from any of the foregoing 
(including device programming or simulation files), and any 
associated documentation or information are expressly subject 
to the terms and conditions of the Altera Program License 
Subscription Agreement, Altera MegaCore Function License 
Agreement, or other applicable license agreement, including, 
without limitation, that your use is for the sole purpose of 
programming logic devices manufactured by Altera and sold by 
Altera or its authorized distributors.  Please refer to the 
applicable agreement for further details.



+------------------------------------------------------------------------------------------------------------------------------------+
; Timing Analyzer Summary                                                                                                            ;
+------------------------------+-------+---------------+-------------+------------+-----------+------------+----------+--------------+
; Type                         ; Slack ; Required Time ; Actual Time ; From       ; To        ; From Clock ; To Clock ; Failed Paths ;
+------------------------------+-------+---------------+-------------+------------+-----------+------------+----------+--------------+
; Worst-case tpd               ; N/A   ; None          ; 10.825 ns   ; entrada[0] ; salida[2] ; --         ; --       ; 0            ;
; Total number of failed paths ;       ;               ;             ;            ;           ;            ;          ; 0            ;
+------------------------------+-------+---------------+-------------+------------+-----------+------------+----------+--------------+


+-----------------------------------------------------------------------------------------------------------------------------------------------------+
; Timing Analyzer Settings                                                                                                                            ;
+------------------------------------------------------------------------------------------------------+--------------------+------+----+-------------+
; Option                                                                                               ; Setting            ; From ; To ; Entity Name ;
+------------------------------------------------------------------------------------------------------+--------------------+------+----+-------------+
; Device Name                                                                                          ; EP2C8T144C7        ;      ;    ;             ;
; Timing Models                                                                                        ; Final              ;      ;    ;             ;
; Default hold multicycle                                                                              ; Same as Multicycle ;      ;    ;             ;
; Cut paths between unrelated clock domains                                                            ; On                 ;      ;    ;             ;
; Cut off read during write signal paths                                                               ; On                 ;      ;    ;             ;
; Cut off feedback from I/O pins                                                                       ; On                 ;      ;    ;             ;
; Report Combined Fast/Slow Timing                                                                     ; Off                ;      ;    ;             ;
; Ignore Clock Settings                                                                                ; Off                ;      ;    ;             ;
; Analyze latches as synchronous elements                                                              ; On                 ;      ;    ;             ;
; Enable Recovery/Removal analysis                                                                     ; Off                ;      ;    ;             ;
; Enable Clock Latency                                                                                 ; Off                ;      ;    ;             ;
; Use TimeQuest Timing Analyzer                                                                        ; Off                ;      ;    ;             ;
; Minimum Core Junction Temperature                                                                    ; 0                  ;      ;    ;             ;
; Maximum Core Junction Temperature                                                                    ; 85                 ;      ;    ;             ;
; Number of source nodes to report per destination node                                                ; 10                 ;      ;    ;             ;
; Number of destination nodes to report                                                                ; 10                 ;      ;    ;             ;
; Number of paths to report                                                                            ; 200                ;      ;    ;             ;
; Report Minimum Timing Checks                                                                         ; Off                ;      ;    ;             ;
; Use Fast Timing Models                                                                               ; Off                ;      ;    ;             ;
; Report IO Paths Separately                                                                           ; Off                ;      ;    ;             ;
; Perform Multicorner Analysis                                                                         ; On                 ;      ;    ;             ;
; Reports the worst-case path for each clock domain and analysis                                       ; Off                ;      ;    ;             ;
; Reports worst-case timing paths for each clock domain and analysis                                   ; On                 ;      ;    ;             ;
; Specifies the maximum number of worst-case timing paths to report for each clock domain and analysis ; 100                ;      ;    ;             ;
; Removes common clock path pessimism (CCPP) during slack computation                                  ; Off                ;      ;    ;             ;
; Output I/O Timing Endpoint                                                                           ; Near End           ;      ;    ;             ;
+------------------------------------------------------------------------------------------------------+--------------------+------+----+-------------+


Parallel compilation was disabled, but you have multiple processors available. Enable parallel compilation to reduce compilation time.
+-------------------------------------+
; Parallel Compilation                ;
+----------------------------+--------+
; Processors                 ; Number ;
+----------------------------+--------+
; Number detected on machine ; 4      ;
; Maximum allowed            ; 1      ;
+----------------------------+--------+


+----------------------------------------------------------------------+
; tpd                                                                  ;
+-------+-------------------+-----------------+------------+-----------+
; Slack ; Required P2P Time ; Actual P2P Time ; From       ; To        ;
+-------+-------------------+-----------------+------------+-----------+
; N/A   ; None              ; 10.825 ns       ; entrada[0] ; salida[2] ;
; N/A   ; None              ; 10.814 ns       ; entrada[0] ; salida[0] ;
; N/A   ; None              ; 10.466 ns       ; entrada[0] ; salida[1] ;
; N/A   ; None              ; 7.152 ns        ; entrada[1] ; salida[2] ;
; N/A   ; None              ; 7.107 ns        ; entrada[1] ; salida[0] ;
; N/A   ; None              ; 6.790 ns        ; entrada[1] ; salida[1] ;
; N/A   ; None              ; 6.693 ns        ; entrada[2] ; salida[2] ;
; N/A   ; None              ; 6.677 ns        ; entrada[2] ; salida[0] ;
; N/A   ; None              ; 6.326 ns        ; entrada[2] ; salida[1] ;
+-------+-------------------+-----------------+------------+-----------+


+--------------------------+
; Timing Analyzer Messages ;
+--------------------------+
Info: *******************************************************************
Info: Running Quartus II Classic Timing Analyzer
    Info: Version 9.1 Build 350 03/24/2010 Service Pack 2 SJ Web Edition
    Info: Processing started: Sun Mar 06 18:47:50 2016
Info: Command: quartus_tan --read_settings_files=off --write_settings_files=off Sistemas -c Sistemas --timing_analysis_only
Info: Longest tpd from source pin "entrada[0]" to destination pin "salida[2]" is 10.825 ns
    Info: 1: + IC(0.000 ns) + CELL(0.873 ns) = 0.873 ns; Loc. = PIN_134; Fanout = 3; PIN Node = 'entrada[0]'
    Info: 2: + IC(5.800 ns) + CELL(0.178 ns) = 6.851 ns; Loc. = LCCOMB_X3_Y16_N16; Fanout = 1; COMB Node = 'Sistema03:inst2|inst4~0'
    Info: 3: + IC(1.124 ns) + CELL(2.850 ns) = 10.825 ns; Loc. = PIN_8; Fanout = 0; PIN Node = 'salida[2]'
    Info: Total cell delay = 3.901 ns ( 36.04 % )
    Info: Total interconnect delay = 6.924 ns ( 63.96 % )
Info: Quartus II Classic Timing Analyzer was successful. 0 errors, 0 warnings
    Info: Peak virtual memory: 202 megabytes
    Info: Processing ended: Sun Mar 06 18:47:50 2016
    Info: Elapsed time: 00:00:00
    Info: Total CPU time (on all processors): 00:00:01


